Warning: No display specified.  You will not be able to display graphics on the screen.
[?1h=Warning: No window system found.  Java option 'MWT' ignored

                            < M A T L A B (R) >
                  Copyright 1984-2012 The MathWorks, Inc.
        Version 7.11.2.1031 (R2010b) Service Pack 2 64-bit (glnxa64)
                               March 2, 2012

 
  To get started, type one of these: helpwin, helpdesk, or demo.
  For product information, visit www.mathworks.com.
 
INGEST time (sec) = 0.315

machines = 

  Columns 1 through 7

    'n117'    'n118'    'n119'    'n120'    'n121'    'n122'    'n123'

  Columns 8 through 14

    'n124'    'n125'    'n126'    'n127'    'n128'    'n129'    'n130'

  Columns 15 through 16

    'n131'    'n132'

Submitting storeDataToTFS on 32 processor(s).
[?1h= ssh n118 -n  'kill -9 1064'
bash: line 0: kill: (1064) - No such process
[?1h= ssh n118 -n  'kill -9 1086'
bash: line 0: kill: (1086) - No such process
[?1h= ssh n119 -n  'kill -9 29930'
bash: line 0: kill: (29930) - No such process
[?1h= ssh n119 -n  'kill -9 29949'
bash: line 0: kill: (29949) - No such process
[?1h= ssh n119 -n  'kill -9 29998'
bash: line 0: kill: (29998) - No such process
[?1h= ssh n120 -n  'kill -9 4456'
bash: line 0: kill: (4456) - No such process
[?1h= ssh n120 -n  'kill -9 4473'
bash: line 0: kill: (4473) - No such process
[?1h= ssh n121 -n  'kill -9 12632'
bash: line 0: kill: (12632) - No such process
[?1h= ssh n121 -n  'kill -9 12649'
bash: line 0: kill: (12649) - No such process
[?1h= ssh n122 -n  'kill -9 29019'
bash: line 0: kill: (29019) - No such process
[?1h= ssh n122 -n  'kill -9 29036'
bash: line 0: kill: (29036) - No such process
[?1h= ssh n123 -n  'kill -9 18720'
bash: line 0: kill: (18720) - No such process
[?1h= ssh n123 -n  'kill -9 18737'
bash: line 0: kill: (18737) - No such process
[?1h= ssh n124 -n  'kill -9 21982'
bash: line 0: kill: (21982) - No such process
[?1h= ssh n124 -n  'kill -9 22001'
bash: line 0: kill: (22001) - No such process
[?1h= ssh n125 -n  'kill -9 18252'
bash: line 0: kill: (18252) - No such process
[?1h= ssh n125 -n  'kill -9 18274'
bash: line 0: kill: (18274) - No such process
[?1h= ssh n126 -n  'kill -9 10993'
bash: line 0: kill: (10993) - No such process
[?1h= ssh n126 -n  'kill -9 11010'
bash: line 0: kill: (11010) - No such process
[?1h= ssh n127 -n  'kill -9 32698'
bash: line 0: kill: (32698) - No such process
[?1h= ssh n127 -n  'kill -9 32716'
bash: line 0: kill: (32716) - No such process
[?1h= ssh n128 -n  'kill -9 30124'
bash: line 0: kill: (30124) - No such process
[?1h= ssh n128 -n  'kill -9 30141'
bash: line 0: kill: (30141) - No such process
[?1h= ssh n129 -n  'kill -9 21529'
bash: line 0: kill: (21529) - No such process
[?1h= ssh n129 -n  'kill -9 21546'
bash: line 0: kill: (21546) - No such process
[?1h= ssh n130 -n  'kill -9 21609'
bash: line 0: kill: (21609) - No such process
[?1h= ssh n130 -n  'kill -9 21626'
bash: line 0: kill: (21626) - No such process
[?1h= ssh n131 -n  'kill -9 13781'
bash: line 0: kill: (13781) - No such process
[?1h= ssh n131 -n  'kill -9 13798'
bash: line 0: kill: (13798) - No such process
[?1h= ssh n132 -n  'kill -9 31923'
bash: line 0: kill: (31923) - No such process
[?1h= ssh n132 -n  'kill -9 31940'
bash: line 0: kill: (31940) - No such process
[?1h=Warning: No display specified.  You will not be able to display graphics on the screen.
[?1h=Warning: No window system found.  Java option 'MWT' ignored

                            < M A T L A B (R) >
                  Copyright 1984-2012 The MathWorks, Inc.
        Version 7.11.2.1031 (R2010b) Service Pack 2 64-bit (glnxa64)
                               March 2, 2012

 
  To get started, type one of these: helpwin, helpdesk, or demo.
  For product information, visit www.mathworks.com.
 
INGEST time (sec) = 0.323

machines = 

  Columns 1 through 7

    'n117'    'n118'    'n119'    'n120'    'n121'    'n122'    'n123'

  Columns 8 through 14

    'n124'    'n125'    'n126'    'n127'    'n128'    'n129'    'n130'

  Columns 15 through 16

    'n131'    'n132'

Submitting storeDataToTFS on 32 processor(s).
[?1h=No pid files found
Nothing to delete.
[?1h=[?1h=[?1h=Launching MPI rank: 31 on: n132
[?1h=Launching MPI rank: 30 on: n132
[?1h=Launching MPI rank: 29 on: n131
[?1h=Launching MPI rank: 28 on: n131
[?1h=Launching MPI rank: 27 on: n130
[?1h=Launching MPI rank: 26 on: n130
[?1h=Launching MPI rank: 25 on: n129
[?1h=Launching MPI rank: 24 on: n129
[?1h=Launching MPI rank: 23 on: n128
[?1h=Launching MPI rank: 22 on: n128
[?1h=Launching MPI rank: 21 on: n127
[?1h=Launching MPI rank: 20 on: n127
[?1h=Launching MPI rank: 19 on: n126
[?1h=Launching MPI rank: 18 on: n126
[?1h=Launching MPI rank: 17 on: n125
[?1h=Launching MPI rank: 16 on: n125
[?1h=Launching MPI rank: 15 on: n124
[?1h=Launching MPI rank: 14 on: n124
[?1h=Launching MPI rank: 13 on: n123
[?1h=Launching MPI rank: 12 on: n123
[?1h=Launching MPI rank: 11 on: n122
[?1h=Launching MPI rank: 10 on: n122
[?1h=Launching MPI rank: 9 on: n121
[?1h=Launching MPI rank: 8 on: n121
[?1h=Launching MPI rank: 7 on: n120
[?1h=Launching MPI rank: 6 on: n120
[?1h=Launching MPI rank: 5 on: n119
[?1h=Launching MPI rank: 4 on: n119
[?1h=Launching MPI rank: 3 on: n119
[?1h=Launching MPI rank: 2 on: n118
[?1h=Launching MPI rank: 1 on: n118
[?1h=Launching MPI rank: 0 on: n117

unix_launch =

 ssh n132 -n 'cd /home/yhuang9/my_workspace/AlluxioEigenSolver; /bin/sh ./MatMPI/Unix_Commands.n132.30.sh  ' 2>>./MatMPI/remote.out &
 ssh n131 -n 'cd /home/yhuang9/my_workspace/AlluxioEigenSolver; /bin/sh ./MatMPI/Unix_Commands.n131.28.sh  ' 2>>./MatMPI/remote.out &
 ssh n130 -n 'cd /home/yhuang9/my_workspace/AlluxioEigenSolver; /bin/sh ./MatMPI/Unix_Commands.n130.26.sh  ' 2>>./MatMPI/remote.out &
 ssh n129 -n 'cd /home/yhuang9/my_workspace/AlluxioEigenSolver; /bin/sh ./MatMPI/Unix_Commands.n129.24.sh  ' 2>>./MatMPI/remote.out &
 ssh n128 -n 'cd /home/yhuang9/my_workspace/AlluxioEigenSolver; /bin/sh ./MatMPI/Unix_Commands.n128.22.sh  ' 2>>./MatMPI/remote.out &
 ssh n127 -n 'cd /home/yhuang9/my_workspace/AlluxioEigenSolver; /bin/sh ./MatMPI/Unix_Commands.n127.20.sh  ' 2>>./MatMPI/remote.out &
 ssh n126 -n 'cd /home/yhuang9/my_workspace/AlluxioEigenSolver; /bin/sh ./MatMPI/Unix_Commands.n126.18.sh  ' 2>>./MatMPI/remote.out &
 ssh n125 -n 'cd /home/yhuang9/my_workspace/AlluxioEigenSolver; /bin/sh ./MatMPI/Unix_Commands.n125.16.sh  ' 2>>./MatMPI/remote.out &
 ssh n124 -n 'cd /home/yhuang9/my_workspace/AlluxioEigenSolver; /bin/sh ./MatMPI/Unix_Commands.n124.14.sh  ' 2>>./MatMPI/remote.out &
 ssh n123 -n 'cd /home/yhuang9/my_workspace/AlluxioEigenSolver; /bin/sh ./MatMPI/Unix_Commands.n123.12.sh  ' 2>>./MatMPI/remote.out &
 ssh n122 -n 'cd /home/yhuang9/my_workspace/AlluxioEigenSolver; /bin/sh ./MatMPI/Unix_Commands.n122.10.sh  ' 2>>./MatMPI/remote.out &
 ssh n121 -n 'cd /home/yhuang9/my_workspace/AlluxioEigenSolver; /bin/sh ./MatMPI/Unix_Commands.n121.8.sh  ' 2>>./MatMPI/remote.out &
 ssh n120 -n 'cd /home/yhuang9/my_workspace/AlluxioEigenSolver; /bin/sh ./MatMPI/Unix_Commands.n120.6.sh  ' 2>>./MatMPI/remote.out &
 ssh n119 -n 'cd /home/yhuang9/my_workspace/AlluxioEigenSolver; /bin/sh ./MatMPI/Unix_Commands.n119.3.sh  ' 2>>./MatMPI/remote.out &
 ssh n118 -n 'cd /home/yhuang9/my_workspace/AlluxioEigenSolver; /bin/sh ./MatMPI/Unix_Commands.n118.1.sh  ' 2>>./MatMPI/remote.out &
/bin/sh ./MatMPI/Unix_Commands.n117.0.sh &


[?1h=I am just waiting as process 1!
