Java HotSpot(TM) 64-Bit Server VM warning: ignoring option MaxPermSize=128m; support was removed in 8.0
Warning: No window system found.  Java option 'MWT' ignored

                            < M A T L A B (R) >
                  Copyright 1984-2012 The MathWorks, Inc.
        Version 7.11.2.1031 (R2010b) Service Pack 2 64-bit (glnxa64)
                               March 2, 2012

Encountered unexpected end-of-file (line 0) while loading toolbox cache.
Error occurred loading: /home/yhuang9/.matlab/R2>> >> >> >> my_rank: 43
Start_col : end_col 74372 : 78978

My rank id is: 43and My machine is: n124

Now reading vector from Alluxio

alluxio://n117.bluewave.umbc.edu:19998
/mytest/1v_1048576nodes_106proc_n124_r
CACHE
CACHE_THROUGH
CACHE
alluxio://nMy rank id is: 43and My machine is: n124

Now reading vector from Alluxio

alluxio://n117.bluewave.umbc.edu:19998
/mytest/1v_1048576nodes_106proc_n124Construction of vector done! alluxio://n117.blualluxio://n117.bluew
/mytest/1v_1048576/mytest/mydata104857
CACHE
CACHE_CACHE_T
CACHE
Read vector takes: 0.19548s

Now constructing the vector
Construction of vector done! It takes 0.42615s

alluxio://n117.bluewave.umbc.edu:19998
/mytest/mydata1048576_44_r
CACHE
CACHE_THROUGH
CACHE
alluxio://n117.bluewave.umbc.edu:19998
/myt
str =

Construct sparse: 0.2791s


Construct sparse: 0.2791s

Multiplication: 0.026609s	
Start writing result back to local lz_vpath alluxio ...  
alluxio://n117.bluewave.umbc.edu:19998
/m
str =

Construct sparse: 0.27495s


Construct sparse: 0.27495s

Multiplication: 0.019797s	
Start writing result back to local lz_vpath alluxio ...  
alluxio://n117.bluewave.umbc.edu:1999Success
t/vpath1_1048576nodes_106proc_44_id_r
CACHE
CACHE_THROUGH
CACHE
alluxio://n117.bluewave.umbc.edu:19998
/mytest/vpath1_1048576nodes_106proc_44_id_v
CACHE
CACHE_THROUGH
CACHE
{??? Error using ==> javaMethod
Java exception occurred:
alluxio.exception.FileAlreadyExistsException:
/mytest/vpath1_1048576nodes_106proc_44_id_r already exists
	at sun.reflect.NativeConstructorAccessorImpl.newInstance0(Native
        Method)
	at
        sun.reflect.NativeConstructorAccessorImpl.newInstance(NativeConstructorAccessorImpl.java:62)
        	at
        sun.reflect.DelegatingConstructorAccessorImpl.newInstance(DelegatingConstructorAccessorImpl.java:45)
        	at
        java.lang.reflect.Constructor.newInstance(Constructor.java:422)
	at alluxio.exception.AlluxioException.from(AlluxioException.java:72)
	at alluxio.AbstractClient.retryRPC(AbstractClient.java:324)
	at
        alluxio.client.file.FileSystemMasterClient.createFile(FileSystemMasterClient.java:111)
        	at
        alluxio.client.file.BaseFileSystem.createFile(BaseFileSystem.java:91)
	at
        yhuang9.testAlluxio.AlluxioWriteRead.writeFile(AlluxioWriteRead.java:132)
        
Error in ==> Alluxio_Row_mv_version3 at 239
	        javaMethod('writeFile',myobject_r,str_r);
} 
>> 